This is pdfTeX, Version 3.14159265-2.6-1.40.19 (TeX Live 2018/W32TeX) (preloaded format=pdflatex 2019.1.20)  23 APR 2019 07:42
entering extended mode
 restricted \write18 enabled.
 %&-line parsing enabled.
**ICCS19.tex
(./ICCS19.tex
LaTeX2e <2018-12-01>
(./llncs.cls
Document Class: llncs 2018/03/10 v2.20 
 LaTeX document class for Lecture Notes in Computer Science
(c:/texlive/2018/texmf-dist/tex/latex/base/article.cls
Document Class: article 2018/09/03 v1.4i Standard LaTeX document class
(c:/texlive/2018/texmf-dist/tex/latex/base/size10.clo
File: size10.clo 2018/09/03 v1.4i Standard LaTeX file (size option)
)
\c@part=\count80
\c@section=\count81
\c@subsection=\count82
\c@subsubsection=\count83
\c@paragraph=\count84
\c@subparagraph=\count85
\c@figure=\count86
\c@table=\count87
\abovecaptionskip=\skip41
\belowcaptionskip=\skip42
\bibindent=\dimen102
)
(c:/texlive/2018/texmf-dist/tex/latex/tools/multicol.sty
Package: multicol 2018/12/27 v1.8v multicolumn formatting (FMi)
\c@tracingmulticols=\count88
\mult@box=\box27
\multicol@leftmargin=\dimen103
\c@unbalance=\count89
\c@collectmore=\count90
\doublecol@number=\count91
\multicoltolerance=\count92
\multicolpretolerance=\count93
\full@width=\dimen104
\page@free=\dimen105
\premulticols=\dimen106
\postmulticols=\dimen107
\multicolsep=\skip43
\multicolbaselineskip=\skip44
\partial@page=\box28
\last@line=\box29
\maxbalancingoverflow=\dimen108
\mult@rightbox=\box30
\mult@grightbox=\box31
\mult@gfirstbox=\box32
\mult@firstbox=\box33
\@tempa=\box34
\@tempa=\box35
\@tempa=\box36
\@tempa=\box37
\@tempa=\box38
\@tempa=\box39
\@tempa=\box40
\@tempa=\box41
\@tempa=\box42
\@tempa=\box43
\@tempa=\box44
\@tempa=\box45
\@tempa=\box46
\@tempa=\box47
\@tempa=\box48
\@tempa=\box49
\@tempa=\box50
\c@columnbadness=\count94
\c@finalcolumnbadness=\count95
\last@try=\dimen109
\multicolovershoot=\dimen110
\multicolundershoot=\dimen111
\mult@nat@firstbox=\box51
\colbreak@box=\box52
\mc@col@check@num=\count96
)
(c:/texlive/2018/texmf-dist/tex/latex/oberdiek/aliascnt.sty
Package: aliascnt 2018/09/07 v1.5 Alias counters (HO)
)
\c@chapter=\count97
LaTeX Font Info:    Redeclaring math symbol \Gamma on input line 362.
LaTeX Font Info:    Redeclaring math symbol \Delta on input line 363.
LaTeX Font Info:    Redeclaring math symbol \Theta on input line 364.
LaTeX Font Info:    Redeclaring math symbol \Lambda on input line 365.
LaTeX Font Info:    Redeclaring math symbol \Xi on input line 366.
LaTeX Font Info:    Redeclaring math symbol \Pi on input line 367.
LaTeX Font Info:    Redeclaring math symbol \Sigma on input line 368.
LaTeX Font Info:    Redeclaring math symbol \Upsilon on input line 369.
LaTeX Font Info:    Redeclaring math symbol \Phi on input line 370.
LaTeX Font Info:    Redeclaring math symbol \Psi on input line 371.
LaTeX Font Info:    Redeclaring math symbol \Omega on input line 372.
\tocchpnum=\dimen112
\tocsecnum=\dimen113
\tocsectotal=\dimen114
\tocsubsecnum=\dimen115
\tocsubsectotal=\dimen116
\tocsubsubsecnum=\dimen117
\tocsubsubsectotal=\dimen118
\tocparanum=\dimen119
\tocparatotal=\dimen120
\tocsubparanum=\dimen121
\@tempcntc=\count98
\fnindent=\dimen122
\c@@inst=\count99
\c@@auth=\count100
\c@auco=\count101
\instindent=\dimen123
\authrun=\box53
\authorrunning=\toks14
\tocauthor=\toks15
\titrun=\box54
\titlerunning=\toks16
\toctitle=\toks17
\c@theorem=\count102
\c@case=\count103
\c@conjecture=\count104
\c@corollary=\count105
\c@definition=\count106
\c@example=\count107
\c@exercise=\count108
\c@lemma=\count109
\c@note=\count110
\c@problem=\count111
\c@property=\count112
\c@proposition=\count113
\c@question=\count114
\c@solution=\count115
\c@remark=\count116
\headlineindent=\dimen124
)
(c:/texlive/2018/texmf-dist/tex/latex/lipsum/lipsum.sty
(c:/texlive/2018/texmf-dist/tex/latex/l3kernel/expl3.sty
Package: expl3 2019-01-13 L3 programming layer (loader) 

(c:/texlive/2018/texmf-dist/tex/latex/l3kernel/expl3-code.tex
Package: expl3 2019-01-13 L3 programming layer (code)
\c_max_int=\count117
\l_tmpa_int=\count118
\l_tmpb_int=\count119
\g_tmpa_int=\count120
\g_tmpb_int=\count121
\g__kernel_prg_map_int=\count122
\c_log_iow=\count123
\l_iow_line_count_int=\count124
\l__iow_line_target_int=\count125
\l__iow_one_indent_int=\count126
\l__iow_indent_int=\count127
\c_zero_dim=\dimen125
\c_max_dim=\dimen126
\l_tmpa_dim=\dimen127
\l_tmpb_dim=\dimen128
\g_tmpa_dim=\dimen129
\g_tmpb_dim=\dimen130
\c_zero_skip=\skip45
\c_max_skip=\skip46
\l_tmpa_skip=\skip47
\l_tmpb_skip=\skip48
\g_tmpa_skip=\skip49
\g_tmpb_skip=\skip50
\c_zero_muskip=\muskip10
\c_max_muskip=\muskip11
\l_tmpa_muskip=\muskip12
\l_tmpb_muskip=\muskip13
\g_tmpa_muskip=\muskip14
\g_tmpb_muskip=\muskip15
\l_keys_choice_int=\count128
\l__intarray_loop_int=\count129
\c__intarray_sp_dim=\dimen131
\g__intarray_font_int=\count130
\c__fp_leading_shift_int=\count131
\c__fp_middle_shift_int=\count132
\c__fp_trailing_shift_int=\count133
\c__fp_big_leading_shift_int=\count134
\c__fp_big_middle_shift_int=\count135
\c__fp_big_trailing_shift_int=\count136
\c__fp_Bigg_leading_shift_int=\count137
\c__fp_Bigg_middle_shift_int=\count138
\c__fp_Bigg_trailing_shift_int=\count139
\c__kernel_randint_max_int=\count140
\g__fp_array_int=\count141
\l__fp_array_loop_int=\count142
\l__sort_length_int=\count143
\l__sort_min_int=\count144
\l__sort_top_int=\count145
\l__sort_max_int=\count146
\l__sort_true_max_int=\count147
\l__sort_block_int=\count148
\l__sort_begin_int=\count149
\l__sort_end_int=\count150
\l__sort_A_int=\count151
\l__sort_B_int=\count152
\l__sort_C_int=\count153
\l__tl_analysis_normal_int=\count154
\l__tl_analysis_index_int=\count155
\l__tl_analysis_nesting_int=\count156
\l__tl_analysis_type_int=\count157
\l__regex_internal_a_int=\count158
\l__regex_internal_b_int=\count159
\l__regex_internal_c_int=\count160
\l__regex_balance_int=\count161
\l__regex_group_level_int=\count162
\l__regex_mode_int=\count163
\c__regex_cs_in_class_mode_int=\count164
\c__regex_cs_mode_int=\count165
\l__regex_catcodes_int=\count166
\l__regex_default_catcodes_int=\count167
\c__regex_catcode_D_int=\count168
\c__regex_catcode_S_int=\count169
\c__regex_catcode_L_int=\count170
\c__regex_catcode_O_int=\count171
\c__regex_catcode_A_int=\count172
\c__regex_all_catcodes_int=\count173
\l__regex_show_lines_int=\count174
\l__regex_min_state_int=\count175
\l__regex_max_state_int=\count176
\l__regex_left_state_int=\count177
\l__regex_right_state_int=\count178
\l__regex_capturing_group_int=\count179
\l__regex_min_pos_int=\count180
\l__regex_max_pos_int=\count181
\l__regex_curr_pos_int=\count182
\l__regex_start_pos_int=\count183
\l__regex_success_pos_int=\count184
\l__regex_curr_char_int=\count185
\l__regex_curr_catcode_int=\count186
\l__regex_last_char_int=\count187
\l__regex_case_changed_char_int=\count188
\l__regex_curr_state_int=\count189
\l__regex_step_int=\count190
\l__regex_min_active_int=\count191
\l__regex_max_active_int=\count192
\l__regex_replacement_csnames_int=\count193
\l__regex_match_count_int=\count194
\l__regex_min_submatch_int=\count195
\l__regex_submatch_int=\count196
\l__regex_zeroth_submatch_int=\count197
\g__regex_trace_regex_int=\count198
\c_empty_box=\box55
\l_tmpa_box=\box56
\l_tmpb_box=\box57
\g_tmpa_box=\box58
\g_tmpb_box=\box59
\l__box_top_dim=\dimen132
\l__box_bottom_dim=\dimen133
\l__box_left_dim=\dimen134
\l__box_right_dim=\dimen135
\l__box_top_new_dim=\dimen136
\l__box_bottom_new_dim=\dimen137
\l__box_left_new_dim=\dimen138
\l__box_right_new_dim=\dimen139
\l__box_internal_box=\box60
\l__coffin_internal_box=\box61
\l__coffin_internal_dim=\dimen140
\l__coffin_offset_x_dim=\dimen141
\l__coffin_offset_y_dim=\dimen142
\l__coffin_x_dim=\dimen143
\l__coffin_y_dim=\dimen144
\l__coffin_x_prime_dim=\dimen145
\l__coffin_y_prime_dim=\dimen146
\c_empty_coffin=\box62
\l__coffin_aligned_coffin=\box63
\l__coffin_aligned_internal_coffin=\box64
\l_tmpa_coffin=\box65
\l_tmpb_coffin=\box66
\l__coffin_display_coffin=\box67
\l__coffin_display_coord_coffin=\box68
\l__coffin_display_pole_coffin=\box69
\l__coffin_display_offset_dim=\dimen147
\l__coffin_display_x_dim=\dimen148
\l__coffin_display_y_dim=\dimen149
\g__file_internal_ior=\read1
\l__coffin_bounding_shift_dim=\dimen150
\l__coffin_left_corner_dim=\dimen151
\l__coffin_right_corner_dim=\dimen152
\l__coffin_bottom_corner_dim=\dimen153
\l__coffin_top_corner_dim=\dimen154
\l__coffin_scaled_total_height_dim=\dimen155
\l__coffin_scaled_width_dim=\dimen156
\l__seq_internal_a_int=\count199
\l__seq_internal_b_int=\count266
)
(c:/texlive/2018/texmf-dist/tex/latex/l3kernel/l3pdfmode.def
File: l3pdfmode.def 2019-01-13 v L3 Experimental driver: PDF mode
\l__driver_color_stack_int=\count267
))
(c:/texlive/2018/texmf-dist/tex/latex/l3packages/xparse/xparse.sty
Package: xparse 2018-10-17 L3 Experimental document command parser
\l__xparse_current_arg_int=\count268
\g__xparse_grabber_int=\count269
\l__xparse_m_args_int=\count270
\l__xparse_mandatory_args_int=\count271
\l__xparse_v_nesting_int=\count272
)
Package: lipsum 2019/01/02 v2.2 150 paragraphs of Lorem Ipsum dummy text

(c:/texlive/2018/texmf-dist/tex/latex/lipsum/lipsum.ltd.tex
File: lipsum.ltd.tex 2019/01/02 v2.2 The Lorem ipsum dummy text
))
(c:/texlive/2018/texmf-dist/tex/latex/amsfonts/amsfonts.sty
Package: amsfonts 2013/01/14 v3.01 Basic AMSFonts support
\@emptytoks=\toks18
\symAMSa=\mathgroup4
\symAMSb=\mathgroup5
LaTeX Font Info:    Overwriting math alphabet `\mathfrak' in version `bold'
(Font)                  U/euf/m/n --> U/euf/b/n on input line 106.
)
(c:/texlive/2018/texmf-dist/tex/latex/graphics/graphicx.sty
Package: graphicx 2017/06/01 v1.1a Enhanced LaTeX Graphics (DPC,SPQR)

(c:/texlive/2018/texmf-dist/tex/latex/graphics/keyval.sty
Package: keyval 2014/10/28 v1.15 key=value parser (DPC)
\KV@toks@=\toks19
)
(c:/texlive/2018/texmf-dist/tex/latex/graphics/graphics.sty
Package: graphics 2017/06/25 v1.2c Standard LaTeX Graphics (DPC,SPQR)

(c:/texlive/2018/texmf-dist/tex/latex/graphics/trig.sty
Package: trig 2016/01/03 v1.10 sin cos tan (DPC)
)
(c:/texlive/2018/texmf-dist/tex/latex/graphics-cfg/graphics.cfg
File: graphics.cfg 2016/06/04 v1.11 sample graphics configuration
)
Package graphics Info: Driver file: pdftex.def on input line 99.

(c:/texlive/2018/texmf-dist/tex/latex/graphics-def/pdftex.def
File: pdftex.def 2018/01/08 v1.0l Graphics/color driver for pdftex
))
\Gin@req@height=\dimen157
\Gin@req@width=\dimen158
)
(c:/texlive/2018/texmf-dist/tex/latex/caption/subcaption.sty
Package: subcaption 2018/05/01 v1.1-162 Sub-captions (AR)

(c:/texlive/2018/texmf-dist/tex/latex/caption/caption.sty
Package: caption 2018/10/06 v3.3-154 Customizing captions (AR)

(c:/texlive/2018/texmf-dist/tex/latex/caption/caption3.sty
Package: caption3 2018/09/12 v1.8c caption3 kernel (AR)
Package caption3 Info: TeX engine: e-TeX on input line 64.
\captionmargin=\dimen159
\captionmargin@=\dimen160
\captionwidth=\dimen161
\caption@tempdima=\dimen162
\caption@indent=\dimen163
\caption@parindent=\dimen164
\caption@hangindent=\dimen165
Package caption Info: Unknown document class (or package),
(caption)             standard defaults will be used.
)

Package caption Warning: Unsupported document class (or package) detected,
(caption)                usage of the caption package is not recommended.
See the caption package documentation for explanation.

Package caption Info: \@makecaption = \long macro:#1#2->\small \vskip \abovecap
tionskip \sbox \@tempboxa {{\bfseries #1.} #2}\ifdim \wd \@tempboxa >\hsize {\b
fseries #1.} #2\par \else \global \@minipagefalse \hb@xt@ \hsize {\hfil \box \@
tempboxa \hfil }\fi \vskip \belowcaptionskip .
\c@caption@flags=\count273
\c@ContinuedFloat=\count274
)
\c@subfigure=\count275
\c@subtable=\count276
) (c:/texlive/2018/texmf-dist/tex/latex/algorithmicx/algpseudocode.sty
Package: algpseudocode 

(c:/texlive/2018/texmf-dist/tex/latex/base/ifthen.sty
Package: ifthen 2014/09/29 v1.1c Standard LaTeX ifthen package (DPC)
)
(c:/texlive/2018/texmf-dist/tex/latex/algorithmicx/algorithmicx.sty
Package: algorithmicx 2005/04/27 v1.2 Algorithmicx

Document Style algorithmicx 1.2 - a greatly improved `algorithmic' style
\c@ALG@line=\count277
\c@ALG@rem=\count278
\c@ALG@nested=\count279
\ALG@tlm=\skip51
\ALG@thistlm=\skip52
\c@ALG@Lnr=\count280
\c@ALG@blocknr=\count281
\c@ALG@storecount=\count282
\c@ALG@tmpcounter=\count283
\ALG@tmplength=\skip53
)
Document Style - pseudocode environments for use with the `algorithmicx' style
) (c:/texlive/2018/texmf-dist/tex/latex/algorithms/algorithm.sty
Package: algorithm 2009/08/24 v0.1 Document Style `algorithm' - floating enviro
nment

(c:/texlive/2018/texmf-dist/tex/latex/float/float.sty
Package: float 2001/11/08 v1.3d Float enhancements (AL)
\c@float@type=\count284
\float@exts=\toks20
\float@box=\box70
\@float@everytoks=\toks21
\@floatcapt=\box71
)
\@float@every@algorithm=\toks22
\c@algorithm=\count285
)
(c:/texlive/2018/texmf-dist/tex/latex/amsmath/amsmath.sty
Package: amsmath 2018/12/01 v2.17b AMS math features
\@mathmargin=\skip54

For additional information on amsmath, use the `?' option.
(c:/texlive/2018/texmf-dist/tex/latex/amsmath/amstext.sty
Package: amstext 2000/06/29 v2.01 AMS text

(c:/texlive/2018/texmf-dist/tex/latex/amsmath/amsgen.sty
File: amsgen.sty 1999/11/30 v2.0 generic functions
\@emptytoks=\toks23
\ex@=\dimen166
))
(c:/texlive/2018/texmf-dist/tex/latex/amsmath/amsbsy.sty
Package: amsbsy 1999/11/29 v1.2d Bold Symbols
\pmbraise@=\dimen167
)
(c:/texlive/2018/texmf-dist/tex/latex/amsmath/amsopn.sty
Package: amsopn 2016/03/08 v2.02 operator names
)
\inf@bad=\count286
LaTeX Info: Redefining \frac on input line 223.
\uproot@=\count287
\leftroot@=\count288
LaTeX Info: Redefining \overline on input line 385.
\classnum@=\count289
\DOTSCASE@=\count290
LaTeX Info: Redefining \ldots on input line 482.
LaTeX Info: Redefining \dots on input line 485.
LaTeX Info: Redefining \cdots on input line 606.
\Mathstrutbox@=\box72
\strutbox@=\box73
\big@size=\dimen168
LaTeX Font Info:    Redeclaring font encoding OML on input line 729.
LaTeX Font Info:    Redeclaring font encoding OMS on input line 730.


Package amsmath Warning: Unable to redefine math accent \vec.

\macc@depth=\count291
\c@MaxMatrixCols=\count292
\dotsspace@=\muskip16
\c@parentequation=\count293
\dspbrk@lvl=\count294
\tag@help=\toks24
\row@=\count295
\column@=\count296
\maxfields@=\count297
\andhelp@=\toks25
\eqnshift@=\dimen169
\alignsep@=\dimen170
\tagshift@=\dimen171
\tagwidth@=\dimen172
\totwidth@=\dimen173
\lineht@=\dimen174
\@envbody=\toks26
\multlinegap=\skip55
\multlinetaggap=\skip56
\mathdisplay@stack=\toks27
LaTeX Info: Redefining \[ on input line 2844.
LaTeX Info: Redefining \] on input line 2845.
) (./macros.tex) (c:/texlive/2018/texmf-dist/tex/latex/amsfonts/amssymb.sty
Package: amssymb 2013/01/14 v3.01 AMS font symbols
)
(c:/texlive/2018/texmf-dist/tex/latex/booktabs/booktabs.sty
Package: booktabs 2016/04/27 v1.618033 publication quality tables
\heavyrulewidth=\dimen175
\lightrulewidth=\dimen176
\cmidrulewidth=\dimen177
\belowrulesep=\dimen178
\belowbottomsep=\dimen179
\aboverulesep=\dimen180
\abovetopsep=\dimen181
\cmidrulesep=\dimen182
\cmidrulekern=\dimen183
\defaultaddspace=\dimen184
\@cmidla=\count298
\@cmidlb=\count299
\@aboverulesep=\dimen185
\@belowrulesep=\dimen186
\@thisruleclass=\count300
\@lastruleclass=\count301
\@thisrulewidth=\dimen187
) (./ICCS19.aux)
\openout1 = `ICCS19.aux'.

LaTeX Font Info:    Checking defaults for OML/cmm/m/it on input line 63.
LaTeX Font Info:    ... okay on input line 63.
LaTeX Font Info:    Checking defaults for T1/cmr/m/n on input line 63.
LaTeX Font Info:    ... okay on input line 63.
LaTeX Font Info:    Checking defaults for OT1/cmr/m/n on input line 63.
LaTeX Font Info:    ... okay on input line 63.
LaTeX Font Info:    Checking defaults for OMS/cmsy/m/n on input line 63.
LaTeX Font Info:    ... okay on input line 63.
LaTeX Font Info:    Checking defaults for OMX/cmex/m/n on input line 63.
LaTeX Font Info:    ... okay on input line 63.
LaTeX Font Info:    Checking defaults for U/cmr/m/n on input line 63.
LaTeX Font Info:    ... okay on input line 63.

(c:/texlive/2018/texmf-dist/tex/context/base/mkii/supp-pdf.mkii
[Loading MPS to PDF converter (version 2006.09.02).]
\scratchcounter=\count302
\scratchdimen=\dimen188
\scratchbox=\box74
\nofMPsegments=\count303
\nofMParguments=\count304
\everyMPshowfont=\toks28
\MPscratchCnt=\count305
\MPscratchDim=\dimen189
\MPnumerator=\count306
\makeMPintoPDFobject=\count307
\everyMPtoPDFconversion=\toks29
) (c:/texlive/2018/texmf-dist/tex/latex/oberdiek/epstopdf-base.sty
Package: epstopdf-base 2016/05/15 v2.6 Base part for package epstopdf

(c:/texlive/2018/texmf-dist/tex/generic/oberdiek/infwarerr.sty
Package: infwarerr 2016/05/16 v1.4 Providing info/warning/error messages (HO)
)
(c:/texlive/2018/texmf-dist/tex/latex/oberdiek/grfext.sty
Package: grfext 2016/05/16 v1.2 Manage graphics extensions (HO)

(c:/texlive/2018/texmf-dist/tex/generic/oberdiek/kvdefinekeys.sty
Package: kvdefinekeys 2016/05/16 v1.4 Define keys (HO)

(c:/texlive/2018/texmf-dist/tex/generic/oberdiek/ltxcmds.sty
Package: ltxcmds 2016/05/16 v1.23 LaTeX kernel commands for general use (HO)
)))
(c:/texlive/2018/texmf-dist/tex/latex/oberdiek/kvoptions.sty
Package: kvoptions 2016/05/16 v3.12 Key value format for package options (HO)

(c:/texlive/2018/texmf-dist/tex/generic/oberdiek/kvsetkeys.sty
Package: kvsetkeys 2016/05/16 v1.17 Key value parser (HO)

(c:/texlive/2018/texmf-dist/tex/generic/oberdiek/etexcmds.sty
Package: etexcmds 2016/05/16 v1.6 Avoid name clashes with e-TeX commands (HO)

(c:/texlive/2018/texmf-dist/tex/generic/oberdiek/ifluatex.sty
Package: ifluatex 2016/05/16 v1.4 Provides the ifluatex switch (HO)
Package ifluatex Info: LuaTeX not detected.
)
Package etexcmds Info: Could not find \expanded.
(etexcmds)             That can mean that you are not using pdfTeX 1.50 or
(etexcmds)             that some package has redefined \expanded.
(etexcmds)             In the latter case, load this package earlier.
)))
(c:/texlive/2018/texmf-dist/tex/generic/oberdiek/pdftexcmds.sty
Package: pdftexcmds 2018/09/10 v0.29 Utility functions of pdfTeX for LuaTeX (HO
)

(c:/texlive/2018/texmf-dist/tex/generic/oberdiek/ifpdf.sty
Package: ifpdf 2018/09/07 v3.3 Provides the ifpdf switch
)
Package pdftexcmds Info: LuaTeX not detected.
Package pdftexcmds Info: \pdf@primitive is available.
Package pdftexcmds Info: \pdf@ifprimitive is available.
Package pdftexcmds Info: \pdfdraftmode found.
)
Package epstopdf-base Info: Redefining graphics rule for `.eps' on input line 4
38.
Package grfext Info: Graphics extension search list:
(grfext)             [.pdf,.png,.jpg,.mps,.jpeg,.jbig2,.jb2,.PDF,.PNG,.JPG,.JPE
G,.JBIG2,.JB2,.eps]
(grfext)             \AppendGraphicsExtensions on input line 456.

(c:/texlive/2018/texmf-dist/tex/latex/latexconfig/epstopdf-sys.cfg
File: epstopdf-sys.cfg 2010/07/13 v1.3 Configuration of (r)epstopdf for TeX Liv
e
))
Package caption Info: Begin \AtBeginDocument code.
Package caption Info: Incompatible package detected (regarding \@caption).
(caption)             \@caption = \long macro:#1[#2]#3->\par \addcontentsline {
\csname ext@#1\endcsname }{#1}{\protect \numberline {\csname the#1\endcsname }{
\ignorespaces #2}}\begingroup \@parboxrestore \@makecaption {\csname fnum@#1\en
dcsname }{\ignorespaces #3}\par \endgroup .


Package caption Warning: Forced redefinition of \caption since the
(caption)                unsupported(!) package option `compatibility=false'
(caption)                was given.
See the caption package documentation for explanation.

Package caption Info: float package is loaded.
Package caption Info: End \AtBeginDocument code.
LaTeX Font Info:    Try loading font information for U+msa on input line 89.
(c:/texlive/2018/texmf-dist/tex/latex/amsfonts/umsa.fd
File: umsa.fd 2013/01/14 v3.01 AMS symbols A
)
LaTeX Font Info:    Try loading font information for U+msb on input line 89.

(c:/texlive/2018/texmf-dist/tex/latex/amsfonts/umsb.fd
File: umsb.fd 2013/01/14 v3.01 AMS symbols B
)
LaTeX Font Info:    Try loading font information for OMS+cmr on input line 95.

(c:/texlive/2018/texmf-dist/tex/latex/base/omscmr.fd
File: omscmr.fd 2014/09/29 v2.5h Standard LaTeX font definitions
)
LaTeX Font Info:    Font shape `OMS/cmr/m/n' in size <9> not available
(Font)              Font shape `OMS/cmsy/m/n' tried instead on input line 95.
 (./intro.tex [1

{c:/texlive/2018/texmf-var/fonts/map/pdftex/updmap/pdftex.map}] [2] [3]
LaTeX Font Info:    Font shape `OMS/cmr/m/n' in size <10> not available
(Font)              Font shape `OMS/cmsy/m/n' tried instead on input line 155.
) (./methods.tex
[4]
<./figures/lap60_range.pdf, id=32, 831.105pt x 390.45876pt>
File: ./figures/lap60_range.pdf Graphic file (type pdf)
<use ./figures/lap60_range.pdf>
Package pdftex.def Info: ./figures/lap60_range.pdf  used on input line 35.
(pdftex.def)             Requested size: 241.83858pt x 113.80804pt.
 [5]
<./figures/eco_range.pdf, id=36, 831.105pt x 390.45876pt>
File: ./figures/eco_range.pdf Graphic file (type pdf)
<use ./figures/eco_range.pdf>
Package pdftex.def Info: ./figures/eco_range.pdf  used on input line 48.
(pdftex.def)             Requested size: 241.83858pt x 113.80804pt.
<./figures/mix.pdf, id=37, 794.97pt x 455.7025pt>
File: ./figures/mix.pdf Graphic file (type pdf)
<use ./figures/mix.pdf>
Package pdftex.def Info: ./figures/mix.pdf  used on input line 56.
(pdftex.def)             Requested size: 241.85292pt x 142.26761pt.
 [6 <./figures/lap60_range.pdf> <./figures/eco_range.pdf>]
<./figures/case2_001.pdf, id=53, 1507.99605pt x 739.77165pt>
File: ./figures/case2_001.pdf Graphic file (type pdf)
<use ./figures/case2_001.pdf>
Package pdftex.def Info: ./figures/case2_001.pdf  used on input line 74.
(pdftex.def)             Requested size: 128.0284pt x 65.43648pt.
<./figures/case3_001.pdf, id=54, 1883.5724pt x 759.68848pt>
File: ./figures/case3_001.pdf Graphic file (type pdf)
<use ./figures/case3_001.pdf>
Package pdftex.def Info: ./figures/case3_001.pdf  used on input line 81.
(pdftex.def)             Requested size: 156.4658pt x 65.43626pt.
 [7 <./figures/mix.pdf>] [8 <./figures/case2_001.pdf> <./figures/case3_001.pdf

pdfTeX warning: pdflatex.exe (file ./figures/case3_001.pdf): PDF inclusion: mul
tiple pdfs with page group included in a single page
>]
<./figures/partition.pdf, id=95, 2788.36996pt x 1052.75192pt>
File: ./figures/partition.pdf Graphic file (type pdf)
<use ./figures/partition.pdf>
Package pdftex.def Info: ./figures/partition.pdf  used on input line 162.
(pdftex.def)             Requested size: 199.16272pt x 76.81651pt.
<./figures/part1b.pdf, id=96, 1877.8822pt x 1120.31403pt>
File: ./figures/part1b.pdf Graphic file (type pdf)
<use ./figures/part1b.pdf>
Package pdftex.def Info: ./figures/part1b.pdf  used on input line 176.
(pdftex.def)             Requested size: 142.23914pt x 85.3533pt.
<./figures/part1c.pdf, id=97, 1847.37822pt x 1096.64049pt>
File: ./figures/part1c.pdf Graphic file (type pdf)
<use ./figures/part1c.pdf>
Package pdftex.def Info: ./figures/part1c.pdf  used on input line 184.
(pdftex.def)             Requested size: 142.2401pt x 82.51222pt.
 [9 <./figures/partition.pdf>]
<./figures/part2d.pdf, id=110, 1834.40912pt x 1053.01659pt>
File: ./figures/part2d.pdf Graphic file (type pdf)
<use ./figures/part2d.pdf>
Package pdftex.def Info: ./figures/part2d.pdf  used on input line 233.
(pdftex.def)             Requested size: 142.2492pt x 79.66374pt.
<./figures/part2e.pdf, id=111, 1834.40912pt x 1053.01659pt>
File: ./figures/part2e.pdf Graphic file (type pdf)
<use ./figures/part2e.pdf>
Package pdftex.def Info: ./figures/part2e.pdf  used on input line 241.
(pdftex.def)             Requested size: 142.2492pt x 79.66374pt.
 [10 <./figures/part1b.pdf> <./figures/part1c.pdf

pdfTeX warning: pdflatex.exe (file ./figures/part1c.pdf): PDF inclusion: multip
le pdfs with page group included in a single page
>]) (./results.tex [11 <./figures/part2d.pdf> <./figures/part2e.pdf

pdfTeX warning: pdflatex.exe (file ./figures/part2e.pdf): PDF inclusion: multip
le pdfs with page group included in a single page
>]
<./figures/strong_size.pdf, id=149, 722.7pt x 664.4825pt>
File: ./figures/strong_size.pdf Graphic file (type pdf)
<use ./figures/strong_size.pdf>
Package pdftex.def Info: ./figures/strong_size.pdf  used on input line 29.
(pdftex.def)             Requested size: 156.49124pt x 153.63889pt.
<./figures/strong_size_vs_nnz.pdf, id=150, 722.7pt x 664.4825pt>
File: ./figures/strong_size_vs_nnz.pdf Graphic file (type pdf)
<use ./figures/strong_size_vs_nnz.pdf>
Package pdftex.def Info: ./figures/strong_size_vs_nnz.pdf  used on input line 3
6.
(pdftex.def)             Requested size: 156.49124pt x 153.63889pt.
<./figures/strong_size_vs_petsc.pdf, id=151, 722.7pt x 664.4825pt>
File: ./figures/strong_size_vs_petsc.pdf Graphic file (type pdf)
<use ./figures/strong_size_vs_petsc.pdf>
Package pdftex.def Info: ./figures/strong_size_vs_petsc.pdf  used on input line
 53.
(pdftex.def)             Requested size: 156.49124pt x 153.63889pt.
<./figures/weak1.pdf, id=152, 722.7pt x 664.4825pt>
File: ./figures/weak1.pdf Graphic file (type pdf)
<use ./figures/weak1.pdf>
Package pdftex.def Info: ./figures/weak1.pdf  used on input line 61.
(pdftex.def)             Requested size: 156.49124pt x 153.63889pt.
)
Underfull \vbox (badness 10000) has occurred while \output is active []

 [12 <./figures/strong_size.pdf> <./figures/strong_size_vs_nnz.pdf>] (./ICCS19.
bbl
Underfull \hbox (badness 3977) in paragraph at lines 27--31
[]\OT1/cmr/m/n/9 Bulu^^Xc, A., Gilbert, J.: Par-al-lel sparse matrix-matrix mul
-ti-pli-ca-tion and
 []


Underfull \hbox (badness 5787) in paragraph at lines 27--31
\OT1/cmr/m/n/9 in-dex-ing: Im-ple-men-ta-tion and ex-per-i-ments. SIAM Jour-nal
 on Sci-en-tific
 []


Underfull \hbox (badness 10000) in paragraph at lines 27--31
\OT1/cmr/m/n/9 Com-put-ing \OT1/cmr/bx/n/9 34\OT1/cmr/m/n/9 (4), C170--C191 (20
12). https://doi.org/10.1137/110848244,
 []

[13 <./figures/strong_size_vs_petsc.pdf> <./figures/weak1.pdf>]
Underfull \hbox (badness 10000) in paragraph at lines 82--88
[]\OT1/cmr/m/n/9 Sundar, H., Mal-ho-tra, D., Biros, G.: Hyk-sort: A new vari-an
t of
 []


Underfull \hbox (badness 10000) in paragraph at lines 82--88
\OT1/cmr/m/n/9 hy-per-cube quick-sort on dis-tributed mem-ory ar-chi-tec-tures.
 In: Pro-
 []


Underfull \hbox (badness 10000) in paragraph at lines 82--88
\OT1/cmr/m/n/9 ceed-ings of the 27th In-ter-na-tional ACM Con-fer-ence on In-te
r-na-
 []


Underfull \hbox (badness 10000) in paragraph at lines 82--88
\OT1/cmr/m/n/9 tional Con-fer-ence on Su-per-com-put-ing. pp. 293--302. ICS '13
, ACM,
 []


Underfull \hbox (badness 10000) in paragraph at lines 82--88
\OT1/cmr/m/n/9 New York, NY, USA (2013). https://doi.org/10.1145/2464996.246544
2,
 []


Underfull \hbox (badness 4229) in paragraph at lines 110--113
[]\OT1/cmr/m/n/9 Yuster, R., Zwick, U.: Fast sparse ma-trix mul-ti-pli-ca-tion.
 ACM Trans.
 []


Underfull \hbox (badness 2020) in paragraph at lines 110--113
\OT1/cmr/m/n/9 Al-go-rithms \OT1/cmr/bx/n/9 1\OT1/cmr/m/n/9 (1), 2--13 (Jul 200
5). https://doi.org/10.1145/1077464.1077466,
 []

) [14] (./ICCS19.aux) ) 
Here is how much of TeX's memory you used:
 14364 strings out of 492616
 257410 string characters out of 6132768
 417622 words of memory out of 5000000
 18146 multiletter control sequences out of 15000+600000
 541151 words of font info for 58 fonts, out of 8000000 for 9000
 1141 hyphenation exceptions out of 8191
 42i,9n,63p,782b,388s stack positions out of 5000i,500n,10000p,200000b,80000s
<c:/texlive/2018/texmf-dist/fonts/type1/public/amsfonts/
cm/cmbx10.pfb><c:/texlive/2018/texmf-dist/fonts/type1/public/amsfonts/cm/cmbx12
.pfb><c:/texlive/2018/texmf-dist/fonts/type1/public/amsfonts/cm/cmbx9.pfb><c:/t
exlive/2018/texmf-dist/fonts/type1/public/amsfonts/cm/cmcsc10.pfb><c:/texlive/2
018/texmf-dist/fonts/type1/public/amsfonts/cm/cmex10.pfb><c:/texlive/2018/texmf
-dist/fonts/type1/public/amsfonts/cm/cmmi10.pfb><c:/texlive/2018/texmf-dist/fon
ts/type1/public/amsfonts/cm/cmmi6.pfb><c:/texlive/2018/texmf-dist/fonts/type1/p
ublic/amsfonts/cm/cmmi7.pfb><c:/texlive/2018/texmf-dist/fonts/type1/public/amsf
onts/cm/cmmi9.pfb><c:/texlive/2018/texmf-dist/fonts/type1/public/amsfonts/cm/cm
r10.pfb><c:/texlive/2018/texmf-dist/fonts/type1/public/amsfonts/cm/cmr5.pfb><c:
/texlive/2018/texmf-dist/fonts/type1/public/amsfonts/cm/cmr6.pfb><c:/texlive/20
18/texmf-dist/fonts/type1/public/amsfonts/cm/cmr7.pfb><c:/texlive/2018/texmf-di
st/fonts/type1/public/amsfonts/cm/cmr9.pfb><c:/texlive/2018/texmf-dist/fonts/ty
pe1/public/amsfonts/cm/cmsy10.pfb><c:/texlive/2018/texmf-dist/fonts/type1/publi
c/amsfonts/cm/cmsy7.pfb><c:/texlive/2018/texmf-dist/fonts/type1/public/amsfonts
/cm/cmsy9.pfb><c:/texlive/2018/texmf-dist/fonts/type1/public/amsfonts/cm/cmti10
.pfb><c:/texlive/2018/texmf-dist/fonts/type1/public/amsfonts/cm/cmtt10.pfb><c:/
texlive/2018/texmf-dist/fonts/type1/public/amsfonts/cm/cmtt9.pfb>
Output written on ICCS19.pdf (14 pages, 506585 bytes).
PDF statistics:
 252 PDF objects out of 1000 (max. 8388607)
 168 compressed objects within 2 object streams
 0 named destinations out of 1000 (max. 500000)
 71 words of extra memory for PDF output out of 10000 (max. 10000000)

